{"uuid":"9dfca7f6-77c3-45d9-abd5-80e6e302dc3f","historyId":"a5a39e138d504d216cf42cedf2d2886e","testCaseId":"ecb7d8a69a5e8eca4b2d2000cff679ff","fullName":"src/test/resources/features/Subscription.feature:7","labels":[{"name":"tag","value":"wip"},{"name":"tag","value":"subs"},{"name":"host","value":"Blossoms"},{"name":"thread","value":"31520@Blossoms.main(1)"},{"name":"feature","value":"Subscription page validation"},{"name":"story","value":"Verify Daily Meal Plan availability"},{"name":"suite","value":"Subscription page validation"},{"name":"testClass","value":"Verify Daily Meal Plan availability"},{"name":"framework","value":"cucumber4jvm"},{"name":"language","value":"java"},{"name":"gherkin_uri","value":"file:///C:/Users/bloss/git/Team4_WellnessWarriors_Seleniumhackathon_June25/src/test/resources/features/Subscription.feature"},{"name":"package","value":"src.test.resources.features.Subscription_feature.Subscription page validation"}],"links":[],"name":"Verify Daily Meal Plan availability","status":"broken","statusDetails":{"known":false,"muted":false,"flaky":false,"message":"element click intercepted: Element <button type=\"button\" role=\"checkbox\" aria-checked=\"false\" data-state=\"unchecked\" value=\"on\" class=\"peer h-4 w-4 shrink-0 rounded-sm ring-offset-background focus-visible:outline-none focus-visible:ring-2 focus-visible:ring-ring focus-visible:ring-offset-2 disabled:cursor-not-allowed disabled:opacity-50 data-[state=checked]:text-primary-foreground border-2 border-[#7D39EC] data-[state=checked]:bg-[#7D39EC] data-[state=checked]:border-[#7D39EC]\" id=\"high-blood-pressure\"></button> is not clickable at point (919, 241). Other element would receive the click: <div class=\"relative bg-white/50 backdrop-blur-sm rounded-xl p-6 shadow-inner transform slide-enter-right\">...</div>\n  (Session info: chrome=137.0.7151.120)\nBuild info: version: '4.33.0', revision: '2c6aaad03a'\nSystem info: os.name: 'Windows 11', os.arch: 'amd64', os.version: '10.0', java.version: '22.0.2'\nDriver info: org.openqa.selenium.chrome.ChromeDriver\nCommand: [888cfbfe121f684a0aa5c52b926eba2b, clickElement {id=f.F0377279F693308E33CFFC252EEE4029.d.3197008F00D0AEBE16056EC96E7BBBAE.e.445}]\nCapabilities {acceptInsecureCerts: false, browserName: chrome, browserVersion: 137.0.7151.120, chrome: {chromedriverVersion: 137.0.7151.119 (e0ac9d12dff..., userDataDir: C:\\Users\\bloss\\AppData\\Loca...}, fedcm:accounts: true, goog:chromeOptions: {debuggerAddress: localhost:50052}, networkConnectionEnabled: false, pageLoadStrategy: normal, platformName: windows, proxy: Proxy(), se:cdp: ws://localhost:50052/devtoo..., se:cdpVersion: 137.0.7151.120, setWindowRect: true, strictFileInteractability: false, timeouts: {implicit: 0, pageLoad: 300000, script: 30000}, unhandledPromptBehavior: dismiss and notify, webauthn:extension:credBlob: true, webauthn:extension:largeBlob: true, webauthn:extension:minPinLength: true, webauthn:extension:prf: true, webauthn:virtualAuthenticators: true}\nElement: [[ChromeDriver: chrome on windows (888cfbfe121f684a0aa5c52b926eba2b)] -> css selector: button[role='checkbox'][data-state='unchecked']]\nSession ID: 888cfbfe121f684a0aa5c52b926eba2b","trace":"org.openqa.selenium.ElementClickInterceptedException: element click intercepted: Element <button type=\"button\" role=\"checkbox\" aria-checked=\"false\" data-state=\"unchecked\" value=\"on\" class=\"peer h-4 w-4 shrink-0 rounded-sm ring-offset-background focus-visible:outline-none focus-visible:ring-2 focus-visible:ring-ring focus-visible:ring-offset-2 disabled:cursor-not-allowed disabled:opacity-50 data-[state=checked]:text-primary-foreground border-2 border-[#7D39EC] data-[state=checked]:bg-[#7D39EC] data-[state=checked]:border-[#7D39EC]\" id=\"high-blood-pressure\"></button> is not clickable at point (919, 241). Other element would receive the click: <div class=\"relative bg-white/50 backdrop-blur-sm rounded-xl p-6 shadow-inner transform slide-enter-right\">...</div>\n  (Session info: chrome=137.0.7151.120)\nBuild info: version: '4.33.0', revision: '2c6aaad03a'\nSystem info: os.name: 'Windows 11', os.arch: 'amd64', os.version: '10.0', java.version: '22.0.2'\nDriver info: org.openqa.selenium.chrome.ChromeDriver\nCommand: [888cfbfe121f684a0aa5c52b926eba2b, clickElement {id=f.F0377279F693308E33CFFC252EEE4029.d.3197008F00D0AEBE16056EC96E7BBBAE.e.445}]\nCapabilities {acceptInsecureCerts: false, browserName: chrome, browserVersion: 137.0.7151.120, chrome: {chromedriverVersion: 137.0.7151.119 (e0ac9d12dff..., userDataDir: C:\\Users\\bloss\\AppData\\Loca...}, fedcm:accounts: true, goog:chromeOptions: {debuggerAddress: localhost:50052}, networkConnectionEnabled: false, pageLoadStrategy: normal, platformName: windows, proxy: Proxy(), se:cdp: ws://localhost:50052/devtoo..., se:cdpVersion: 137.0.7151.120, setWindowRect: true, strictFileInteractability: false, timeouts: {implicit: 0, pageLoad: 300000, script: 30000}, unhandledPromptBehavior: dismiss and notify, webauthn:extension:credBlob: true, webauthn:extension:largeBlob: true, webauthn:extension:minPinLength: true, webauthn:extension:prf: true, webauthn:virtualAuthenticators: true}\nElement: [[ChromeDriver: chrome on windows (888cfbfe121f684a0aa5c52b926eba2b)] -> css selector: button[role='checkbox'][data-state='unchecked']]\nSession ID: 888cfbfe121f684a0aa5c52b926eba2b\r\n\tat java.base/jdk.internal.reflect.DirectConstructorHandleAccessor.newInstance(DirectConstructorHandleAccessor.java:62)\r\n\tat java.base/java.lang.reflect.Constructor.newInstanceWithCaller(Constructor.java:502)\r\n\tat java.base/java.lang.reflect.Constructor.newInstance(Constructor.java:486)\r\n\tat org.openqa.selenium.remote.ErrorCodec.decode(ErrorCodec.java:167)\r\n\tat org.openqa.selenium.remote.codec.w3c.W3CHttpResponseCodec.decode(W3CHttpResponseCodec.java:138)\r\n\tat org.openqa.selenium.remote.codec.w3c.W3CHttpResponseCodec.decode(W3CHttpResponseCodec.java:50)\r\n\tat org.openqa.selenium.remote.HttpCommandExecutor.execute(HttpCommandExecutor.java:215)\r\n\tat org.openqa.selenium.remote.service.DriverCommandExecutor.invokeExecute(DriverCommandExecutor.java:216)\r\n\tat org.openqa.selenium.remote.service.DriverCommandExecutor.execute(DriverCommandExecutor.java:174)\r\n\tat org.openqa.selenium.remote.RemoteWebDriver.execute(RemoteWebDriver.java:544)\r\n\tat org.openqa.selenium.remote.RemoteWebElement.execute(RemoteWebElement.java:223)\r\n\tat org.openqa.selenium.remote.RemoteWebElement.click(RemoteWebElement.java:76)\r\n\tat pageFactory.SubscriptionPage.stepThroughOnboarding(SubscriptionPage.java:134)\r\n\tat stepDefinition.SubscriptionSteps.user_completes_onboarding(SubscriptionSteps.java:21)\r\n\tat ✽.A new free user signs up via the Risk Calculator, chooses \"Step Through Onboarding\", completes all 12 onboarding steps (no blood report), and lands on the Free vs Premium Account Features page(file:///C:/Users/bloss/git/Team4_WellnessWarriors_Seleniumhackathon_June25/src/test/resources/features/Subscription.feature:4)\r\n"},"stage":"finished","steps":[{"name":"Given A new free user signs up via the Risk Calculator, chooses \"Step Through Onboarding\", completes all 12 onboarding steps (no blood report), and lands on the Free vs Premium Account Features page","status":"broken","statusDetails":{"known":false,"muted":false,"flaky":false,"message":"element click intercepted: Element <button type=\"button\" role=\"checkbox\" aria-checked=\"false\" data-state=\"unchecked\" value=\"on\" class=\"peer h-4 w-4 shrink-0 rounded-sm ring-offset-background focus-visible:outline-none focus-visible:ring-2 focus-visible:ring-ring focus-visible:ring-offset-2 disabled:cursor-not-allowed disabled:opacity-50 data-[state=checked]:text-primary-foreground border-2 border-[#7D39EC] data-[state=checked]:bg-[#7D39EC] data-[state=checked]:border-[#7D39EC]\" id=\"high-blood-pressure\"></button> is not clickable at point (919, 241). Other element would receive the click: <div class=\"relative bg-white/50 backdrop-blur-sm rounded-xl p-6 shadow-inner transform slide-enter-right\">...</div>\n  (Session info: chrome=137.0.7151.120)\nBuild info: version: '4.33.0', revision: '2c6aaad03a'\nSystem info: os.name: 'Windows 11', os.arch: 'amd64', os.version: '10.0', java.version: '22.0.2'\nDriver info: org.openqa.selenium.chrome.ChromeDriver\nCommand: [888cfbfe121f684a0aa5c52b926eba2b, clickElement {id=f.F0377279F693308E33CFFC252EEE4029.d.3197008F00D0AEBE16056EC96E7BBBAE.e.445}]\nCapabilities {acceptInsecureCerts: false, browserName: chrome, browserVersion: 137.0.7151.120, chrome: {chromedriverVersion: 137.0.7151.119 (e0ac9d12dff..., userDataDir: C:\\Users\\bloss\\AppData\\Loca...}, fedcm:accounts: true, goog:chromeOptions: {debuggerAddress: localhost:50052}, networkConnectionEnabled: false, pageLoadStrategy: normal, platformName: windows, proxy: Proxy(), se:cdp: ws://localhost:50052/devtoo..., se:cdpVersion: 137.0.7151.120, setWindowRect: true, strictFileInteractability: false, timeouts: {implicit: 0, pageLoad: 300000, script: 30000}, unhandledPromptBehavior: dismiss and notify, webauthn:extension:credBlob: true, webauthn:extension:largeBlob: true, webauthn:extension:minPinLength: true, webauthn:extension:prf: true, webauthn:virtualAuthenticators: true}\nElement: [[ChromeDriver: chrome on windows (888cfbfe121f684a0aa5c52b926eba2b)] -> css selector: button[role='checkbox'][data-state='unchecked']]\nSession ID: 888cfbfe121f684a0aa5c52b926eba2b","trace":"org.openqa.selenium.ElementClickInterceptedException: element click intercepted: Element <button type=\"button\" role=\"checkbox\" aria-checked=\"false\" data-state=\"unchecked\" value=\"on\" class=\"peer h-4 w-4 shrink-0 rounded-sm ring-offset-background focus-visible:outline-none focus-visible:ring-2 focus-visible:ring-ring focus-visible:ring-offset-2 disabled:cursor-not-allowed disabled:opacity-50 data-[state=checked]:text-primary-foreground border-2 border-[#7D39EC] data-[state=checked]:bg-[#7D39EC] data-[state=checked]:border-[#7D39EC]\" id=\"high-blood-pressure\"></button> is not clickable at point (919, 241). Other element would receive the click: <div class=\"relative bg-white/50 backdrop-blur-sm rounded-xl p-6 shadow-inner transform slide-enter-right\">...</div>\n  (Session info: chrome=137.0.7151.120)\nBuild info: version: '4.33.0', revision: '2c6aaad03a'\nSystem info: os.name: 'Windows 11', os.arch: 'amd64', os.version: '10.0', java.version: '22.0.2'\nDriver info: org.openqa.selenium.chrome.ChromeDriver\nCommand: [888cfbfe121f684a0aa5c52b926eba2b, clickElement {id=f.F0377279F693308E33CFFC252EEE4029.d.3197008F00D0AEBE16056EC96E7BBBAE.e.445}]\nCapabilities {acceptInsecureCerts: false, browserName: chrome, browserVersion: 137.0.7151.120, chrome: {chromedriverVersion: 137.0.7151.119 (e0ac9d12dff..., userDataDir: C:\\Users\\bloss\\AppData\\Loca...}, fedcm:accounts: true, goog:chromeOptions: {debuggerAddress: localhost:50052}, networkConnectionEnabled: false, pageLoadStrategy: normal, platformName: windows, proxy: Proxy(), se:cdp: ws://localhost:50052/devtoo..., se:cdpVersion: 137.0.7151.120, setWindowRect: true, strictFileInteractability: false, timeouts: {implicit: 0, pageLoad: 300000, script: 30000}, unhandledPromptBehavior: dismiss and notify, webauthn:extension:credBlob: true, webauthn:extension:largeBlob: true, webauthn:extension:minPinLength: true, webauthn:extension:prf: true, webauthn:virtualAuthenticators: true}\nElement: [[ChromeDriver: chrome on windows (888cfbfe121f684a0aa5c52b926eba2b)] -> css selector: button[role='checkbox'][data-state='unchecked']]\nSession ID: 888cfbfe121f684a0aa5c52b926eba2b\r\n\tat java.base/jdk.internal.reflect.DirectConstructorHandleAccessor.newInstance(DirectConstructorHandleAccessor.java:62)\r\n\tat java.base/java.lang.reflect.Constructor.newInstanceWithCaller(Constructor.java:502)\r\n\tat java.base/java.lang.reflect.Constructor.newInstance(Constructor.java:486)\r\n\tat org.openqa.selenium.remote.ErrorCodec.decode(ErrorCodec.java:167)\r\n\tat org.openqa.selenium.remote.codec.w3c.W3CHttpResponseCodec.decode(W3CHttpResponseCodec.java:138)\r\n\tat org.openqa.selenium.remote.codec.w3c.W3CHttpResponseCodec.decode(W3CHttpResponseCodec.java:50)\r\n\tat org.openqa.selenium.remote.HttpCommandExecutor.execute(HttpCommandExecutor.java:215)\r\n\tat org.openqa.selenium.remote.service.DriverCommandExecutor.invokeExecute(DriverCommandExecutor.java:216)\r\n\tat org.openqa.selenium.remote.service.DriverCommandExecutor.execute(DriverCommandExecutor.java:174)\r\n\tat org.openqa.selenium.remote.RemoteWebDriver.execute(RemoteWebDriver.java:544)\r\n\tat org.openqa.selenium.remote.RemoteWebElement.execute(RemoteWebElement.java:223)\r\n\tat org.openqa.selenium.remote.RemoteWebElement.click(RemoteWebElement.java:76)\r\n\tat pageFactory.SubscriptionPage.stepThroughOnboarding(SubscriptionPage.java:134)\r\n\tat stepDefinition.SubscriptionSteps.user_completes_onboarding(SubscriptionSteps.java:21)\r\n\tat ✽.A new free user signs up via the Risk Calculator, chooses \"Step Through Onboarding\", completes all 12 onboarding steps (no blood report), and lands on the Free vs Premium Account Features page(file:///C:/Users/bloss/git/Team4_WellnessWarriors_Seleniumhackathon_June25/src/test/resources/features/Subscription.feature:4)\r\n"},"stage":"finished","steps":[],"attachments":[],"parameters":[],"start":1751331742069,"stop":1751331989838},{"name":"hooks.Hooks.afterStep(io.cucumber.java.Scenario)","status":"passed","statusDetails":{"known":false,"muted":false,"flaky":false},"stage":"finished","steps":[],"attachments":[{"name":"My screenshot","source":"51dac209-d19e-4be6-a838-139f8e73816e-attachment","type":"image/png"},{"name":"Myscreenshot","source":"70734acc-b82b-4cb4-bcc0-c6b028562f22-attachment"}],"parameters":[],"start":1751331989842,"stop":1751331990150},{"name":"Given The user is viewing the Free vs Premium Account Features page","status":"skipped","statusDetails":{"known":false,"muted":false,"flaky":false},"stage":"finished","steps":[],"attachments":[],"parameters":[],"start":1751331990150,"stop":1751331990150},{"name":"hooks.Hooks.afterStep(io.cucumber.java.Scenario)","status":"skipped","statusDetails":{"known":false,"muted":false,"flaky":false},"stage":"finished","steps":[],"attachments":[],"parameters":[],"start":1751331990151,"stop":1751331990151},{"name":"When The user does not take any action","status":"skipped","statusDetails":{"known":false,"muted":false,"flaky":false},"stage":"finished","steps":[],"attachments":[],"parameters":[],"start":1751331990151,"stop":1751331990152},{"name":"hooks.Hooks.afterStep(io.cucumber.java.Scenario)","status":"skipped","statusDetails":{"known":false,"muted":false,"flaky":false},"stage":"finished","steps":[],"attachments":[],"parameters":[],"start":1751331990153,"stop":1751331990153},{"name":"Then Both Free and Premium should show Daily Meal Plan as available","status":"skipped","statusDetails":{"known":false,"muted":false,"flaky":false},"stage":"finished","steps":[],"attachments":[],"parameters":[],"start":1751331990153,"stop":1751331990157},{"name":"hooks.Hooks.afterStep(io.cucumber.java.Scenario)","status":"skipped","statusDetails":{"known":false,"muted":false,"flaky":false},"stage":"finished","steps":[],"attachments":[],"parameters":[],"start":1751331990158,"stop":1751331990158}],"attachments":[],"parameters":[],"start":1751331736983,"stop":1751331990465}