<?xml version="1.0" encoding="UTF-8"?>
<testng-results ignored="0" total="4" passed="4" failed="0" skipped="0">
  <reporter-output>
  </reporter-output>
  <suite started-at="2025-07-03T10:35:51 CDT" name="Default suite" finished-at="2025-07-03T10:37:04 CDT" duration-ms="73576">
    <groups>
      <group name="cucumber">
        <method signature="AbstractTestNGCucumberTests.runScenario(io.cucumber.testng.PickleWrapper,io.cucumber.testng.FeatureWrapper)[pri:0, instance:testRunner.TestRunner@3e44f2a5]" name="runScenario" class="io.cucumber.testng.AbstractTestNGCucumberTests"/>
      </group> <!-- cucumber -->
    </groups>
    <test started-at="2025-07-03T10:35:51 CDT" name="Default test" finished-at="2025-07-03T10:37:04 CDT" duration-ms="73576">
      <class name="testRunner.TestRunner">
        <test-method is-config="true" signature="setUpClass(org.testng.ITestContext)[pri:0, instance:testRunner.TestRunner@3e44f2a5]" started-at="2025-07-03T10:35:51 CDT" name="setUpClass" finished-at="2025-07-03T10:35:51 CDT" duration-ms="836" status="PASS">
          <params>
            <param index="0">
              <value>
                <![CDATA[org.testng.TestRunner@1bee0085]]>
              </value>
            </param>
          </params>
          <reporter-output>
          </reporter-output>
        </test-method> <!-- setUpClass -->
        <test-method signature="runScenario(io.cucumber.testng.PickleWrapper,io.cucumber.testng.FeatureWrapper)[pri:0, instance:testRunner.TestRunner@3e44f2a5]" started-at="2025-07-03T10:35:51 CDT" name="runScenario" description="Runs Cucumber Scenarios" data-provider="scenarios" finished-at="2025-07-03T10:36:11 CDT" duration-ms="19121" status="PASS">
          <params>
            <param index="0">
              <value>
                <![CDATA["Meal-tab Breakfast shows its details card with time"]]>
              </value>
            </param>
            <param index="1">
              <value>
                <![CDATA["Home Page – Meal Section Details"]]>
              </value>
            </param>
          </params>
          <reporter-output>
          </reporter-output>
        </test-method> <!-- runScenario -->
        <test-method signature="runScenario(io.cucumber.testng.PickleWrapper,io.cucumber.testng.FeatureWrapper)[pri:0, instance:testRunner.TestRunner@3e44f2a5]" started-at="2025-07-03T10:36:11 CDT" name="runScenario" description="Runs Cucumber Scenarios" data-provider="scenarios" finished-at="2025-07-03T10:36:29 CDT" duration-ms="18180" status="PASS">
          <params>
            <param index="0">
              <value>
                <![CDATA["Meal-tab Lunch shows its details card with time"]]>
              </value>
            </param>
            <param index="1">
              <value>
                <![CDATA["Home Page – Meal Section Details"]]>
              </value>
            </param>
          </params>
          <reporter-output>
          </reporter-output>
        </test-method> <!-- runScenario -->
        <test-method signature="runScenario(io.cucumber.testng.PickleWrapper,io.cucumber.testng.FeatureWrapper)[pri:0, instance:testRunner.TestRunner@3e44f2a5]" started-at="2025-07-03T10:36:29 CDT" name="runScenario" description="Runs Cucumber Scenarios" data-provider="scenarios" finished-at="2025-07-03T10:36:46 CDT" duration-ms="17498" status="PASS">
          <params>
            <param index="0">
              <value>
                <![CDATA["Meal-tab Dinner shows its details card with time"]]>
              </value>
            </param>
            <param index="1">
              <value>
                <![CDATA["Home Page – Meal Section Details"]]>
              </value>
            </param>
          </params>
          <reporter-output>
          </reporter-output>
        </test-method> <!-- runScenario -->
        <test-method signature="runScenario(io.cucumber.testng.PickleWrapper,io.cucumber.testng.FeatureWrapper)[pri:0, instance:testRunner.TestRunner@3e44f2a5]" started-at="2025-07-03T10:36:46 CDT" name="runScenario" description="Runs Cucumber Scenarios" data-provider="scenarios" finished-at="2025-07-03T10:37:04 CDT" duration-ms="17846" status="PASS">
          <params>
            <param index="0">
              <value>
                <![CDATA["Meal-tab Snacks shows its details card without time"]]>
              </value>
            </param>
            <param index="1">
              <value>
                <![CDATA["Home Page – Meal Section Details"]]>
              </value>
            </param>
          </params>
          <reporter-output>
          </reporter-output>
        </test-method> <!-- runScenario -->
        <test-method is-config="true" signature="tearDownClass()[pri:0, instance:testRunner.TestRunner@3e44f2a5]" started-at="2025-07-03T10:37:04 CDT" name="tearDownClass" finished-at="2025-07-03T10:37:04 CDT" duration-ms="25" status="PASS">
          <reporter-output>
          </reporter-output>
        </test-method> <!-- tearDownClass -->
      </class> <!-- testRunner.TestRunner -->
    </test> <!-- Default test -->
  </suite> <!-- Default suite -->
</testng-results>
