<?xml version="1.0" encoding="UTF-8"?>
<testng-results ignored="0" total="51" passed="49" failed="2" skipped="0">
  <reporter-output>
  </reporter-output>
  <suite started-at="2025-07-03T11:32:03 EDT" name="Default suite" finished-at="2025-07-03T11:37:46 EDT" duration-ms="343591">
    <groups>
      <group name="cucumber">
        <method signature="AbstractTestNGCucumberTests.runScenario(io.cucumber.testng.PickleWrapper,io.cucumber.testng.FeatureWrapper)[pri:0, instance:testRunner.TestRunner@2eee3069]" name="runScenario" class="io.cucumber.testng.AbstractTestNGCucumberTests"/>
      </group> <!-- cucumber -->
    </groups>
    <test started-at="2025-07-03T11:32:03 EDT" name="Default test" finished-at="2025-07-03T11:37:46 EDT" duration-ms="343591">
      <class name="testRunner.TestRunner">
        <test-method is-config="true" signature="setUpClass(org.testng.ITestContext)[pri:0, instance:testRunner.TestRunner@2eee3069]" started-at="2025-07-03T11:32:03 EDT" name="setUpClass" finished-at="2025-07-03T11:32:04 EDT" duration-ms="1200" status="PASS">
          <params>
            <param index="0">
              <value>
                <![CDATA[org.testng.TestRunner@10d56aab]]>
              </value>
            </param>
          </params>
          <reporter-output>
          </reporter-output>
        </test-method> <!-- setUpClass -->
        <test-method signature="runScenario(io.cucumber.testng.PickleWrapper,io.cucumber.testng.FeatureWrapper)[pri:0, instance:testRunner.TestRunner@2eee3069]" started-at="2025-07-03T11:32:04 EDT" name="runScenario" description="Runs Cucumber Scenarios" data-provider="scenarios" finished-at="2025-07-03T11:32:13 EDT" duration-ms="8750" status="PASS">
          <params>
            <param index="0">
              <value>
                <![CDATA["Validate the presence of App Name"]]>
              </value>
            </param>
            <param index="1">
              <value>
                <![CDATA["Verify Homepage UI components"]]>
              </value>
            </param>
          </params>
          <reporter-output>
          </reporter-output>
        </test-method> <!-- runScenario -->
        <test-method signature="runScenario(io.cucumber.testng.PickleWrapper,io.cucumber.testng.FeatureWrapper)[pri:0, instance:testRunner.TestRunner@2eee3069]" started-at="2025-07-03T11:32:13 EDT" name="runScenario" description="Runs Cucumber Scenarios" data-provider="scenarios" finished-at="2025-07-03T11:32:19 EDT" duration-ms="6307" status="PASS">
          <params>
            <param index="0">
              <value>
                <![CDATA["Validate the presence of policy details"]]>
              </value>
            </param>
            <param index="1">
              <value>
                <![CDATA["Verify Homepage UI components"]]>
              </value>
            </param>
          </params>
          <reporter-output>
          </reporter-output>
        </test-method> <!-- runScenario -->
        <test-method signature="runScenario(io.cucumber.testng.PickleWrapper,io.cucumber.testng.FeatureWrapper)[pri:0, instance:testRunner.TestRunner@2eee3069]" started-at="2025-07-03T11:32:19 EDT" name="runScenario" description="Runs Cucumber Scenarios" data-provider="scenarios" finished-at="2025-07-03T11:32:25 EDT" duration-ms="5595" status="PASS">
          <params>
            <param index="0">
              <value>
                <![CDATA["Validate the homepage heading is visible"]]>
              </value>
            </param>
            <param index="1">
              <value>
                <![CDATA["Verify Homepage UI components"]]>
              </value>
            </param>
          </params>
          <reporter-output>
          </reporter-output>
        </test-method> <!-- runScenario -->
        <test-method signature="runScenario(io.cucumber.testng.PickleWrapper,io.cucumber.testng.FeatureWrapper)[pri:0, instance:testRunner.TestRunner@2eee3069]" started-at="2025-07-03T11:32:25 EDT" name="runScenario" description="Runs Cucumber Scenarios" data-provider="scenarios" finished-at="2025-07-03T11:32:30 EDT" duration-ms="5560" status="PASS">
          <params>
            <param index="0">
              <value>
                <![CDATA["Validate the Start Today input button is visible"]]>
              </value>
            </param>
            <param index="1">
              <value>
                <![CDATA["Verify Homepage UI components"]]>
              </value>
            </param>
          </params>
          <reporter-output>
          </reporter-output>
        </test-method> <!-- runScenario -->
        <test-method signature="runScenario(io.cucumber.testng.PickleWrapper,io.cucumber.testng.FeatureWrapper)[pri:0, instance:testRunner.TestRunner@2eee3069]" started-at="2025-07-03T11:32:30 EDT" name="runScenario" description="Runs Cucumber Scenarios" data-provider="scenarios" finished-at="2025-07-03T11:32:36 EDT" duration-ms="5679" status="PASS">
          <params>
            <param index="0">
              <value>
                <![CDATA["Validate the diabetes management tools section"]]>
              </value>
            </param>
            <param index="1">
              <value>
                <![CDATA["Verify Homepage UI components"]]>
              </value>
            </param>
          </params>
          <reporter-output>
          </reporter-output>
        </test-method> <!-- runScenario -->
        <test-method signature="runScenario(io.cucumber.testng.PickleWrapper,io.cucumber.testng.FeatureWrapper)[pri:0, instance:testRunner.TestRunner@2eee3069]" started-at="2025-07-03T11:32:36 EDT" name="runScenario" description="Runs Cucumber Scenarios" data-provider="scenarios" finished-at="2025-07-03T11:32:42 EDT" duration-ms="5994" status="PASS">
          <params>
            <param index="0">
              <value>
                <![CDATA["Validate the Health Tracking card is visible"]]>
              </value>
            </param>
            <param index="1">
              <value>
                <![CDATA["Verify Homepage UI components"]]>
              </value>
            </param>
          </params>
          <reporter-output>
          </reporter-output>
        </test-method> <!-- runScenario -->
        <test-method signature="runScenario(io.cucumber.testng.PickleWrapper,io.cucumber.testng.FeatureWrapper)[pri:0, instance:testRunner.TestRunner@2eee3069]" started-at="2025-07-03T11:32:42 EDT" name="runScenario" description="Runs Cucumber Scenarios" data-provider="scenarios" finished-at="2025-07-03T11:32:49 EDT" duration-ms="7292" status="PASS">
          <params>
            <param index="0">
              <value>
                <![CDATA["Validate the Nutrition & Exercise card is visible"]]>
              </value>
            </param>
            <param index="1">
              <value>
                <![CDATA["Verify Homepage UI components"]]>
              </value>
            </param>
          </params>
          <reporter-output>
          </reporter-output>
        </test-method> <!-- runScenario -->
        <test-method signature="runScenario(io.cucumber.testng.PickleWrapper,io.cucumber.testng.FeatureWrapper)[pri:0, instance:testRunner.TestRunner@2eee3069]" started-at="2025-07-03T11:32:49 EDT" name="runScenario" description="Runs Cucumber Scenarios" data-provider="scenarios" finished-at="2025-07-03T11:32:55 EDT" duration-ms="5700" status="PASS">
          <params>
            <param index="0">
              <value>
                <![CDATA["Validate the Smart Insights card is visible"]]>
              </value>
            </param>
            <param index="1">
              <value>
                <![CDATA["Verify Homepage UI components"]]>
              </value>
            </param>
          </params>
          <reporter-output>
          </reporter-output>
        </test-method> <!-- runScenario -->
        <test-method signature="runScenario(io.cucumber.testng.PickleWrapper,io.cucumber.testng.FeatureWrapper)[pri:0, instance:testRunner.TestRunner@2eee3069]" started-at="2025-07-03T11:32:55 EDT" name="runScenario" description="Runs Cucumber Scenarios" data-provider="scenarios" finished-at="2025-07-03T11:33:01 EDT" duration-ms="5957" status="PASS">
          <params>
            <param index="0">
              <value>
                <![CDATA["Validate the Health Tracking card description"]]>
              </value>
            </param>
            <param index="1">
              <value>
                <![CDATA["Verify Homepage UI components"]]>
              </value>
            </param>
          </params>
          <reporter-output>
          </reporter-output>
        </test-method> <!-- runScenario -->
        <test-method signature="runScenario(io.cucumber.testng.PickleWrapper,io.cucumber.testng.FeatureWrapper)[pri:0, instance:testRunner.TestRunner@2eee3069]" started-at="2025-07-03T11:33:01 EDT" name="runScenario" description="Runs Cucumber Scenarios" data-provider="scenarios" finished-at="2025-07-03T11:33:06 EDT" duration-ms="5559" status="PASS">
          <params>
            <param index="0">
              <value>
                <![CDATA["Validate the Nutrition & Exercise card description"]]>
              </value>
            </param>
            <param index="1">
              <value>
                <![CDATA["Verify Homepage UI components"]]>
              </value>
            </param>
          </params>
          <reporter-output>
          </reporter-output>
        </test-method> <!-- runScenario -->
        <test-method signature="runScenario(io.cucumber.testng.PickleWrapper,io.cucumber.testng.FeatureWrapper)[pri:0, instance:testRunner.TestRunner@2eee3069]" started-at="2025-07-03T11:33:06 EDT" name="runScenario" description="Runs Cucumber Scenarios" data-provider="scenarios" finished-at="2025-07-03T11:33:12 EDT" duration-ms="5599" status="PASS">
          <params>
            <param index="0">
              <value>
                <![CDATA["Validate the Smart Insights card description"]]>
              </value>
            </param>
            <param index="1">
              <value>
                <![CDATA["Verify Homepage UI components"]]>
              </value>
            </param>
          </params>
          <reporter-output>
          </reporter-output>
        </test-method> <!-- runScenario -->
        <test-method signature="runScenario(io.cucumber.testng.PickleWrapper,io.cucumber.testng.FeatureWrapper)[pri:0, instance:testRunner.TestRunner@2eee3069]" started-at="2025-07-03T11:33:12 EDT" name="runScenario" description="Runs Cucumber Scenarios" data-provider="scenarios" finished-at="2025-07-03T11:33:19 EDT" duration-ms="7400" status="PASS">
          <params>
            <param index="0">
              <value>
                <![CDATA["Validate the Health Tracking card"]]>
              </value>
            </param>
            <param index="1">
              <value>
                <![CDATA["Verify Homepage UI components"]]>
              </value>
            </param>
          </params>
          <reporter-output>
          </reporter-output>
        </test-method> <!-- runScenario -->
        <test-method signature="runScenario(io.cucumber.testng.PickleWrapper,io.cucumber.testng.FeatureWrapper)[pri:0, instance:testRunner.TestRunner@2eee3069]" started-at="2025-07-03T11:33:19 EDT" name="runScenario" description="Runs Cucumber Scenarios" data-provider="scenarios" finished-at="2025-07-03T11:33:25 EDT" duration-ms="5999" status="PASS">
          <params>
            <param index="0">
              <value>
                <![CDATA["Validate the Nutrition & Exercise icon"]]>
              </value>
            </param>
            <param index="1">
              <value>
                <![CDATA["Verify Homepage UI components"]]>
              </value>
            </param>
          </params>
          <reporter-output>
          </reporter-output>
        </test-method> <!-- runScenario -->
        <test-method signature="runScenario(io.cucumber.testng.PickleWrapper,io.cucumber.testng.FeatureWrapper)[pri:0, instance:testRunner.TestRunner@2eee3069]" started-at="2025-07-03T11:33:25 EDT" name="runScenario" description="Runs Cucumber Scenarios" data-provider="scenarios" finished-at="2025-07-03T11:33:31 EDT" duration-ms="5649" status="PASS">
          <params>
            <param index="0">
              <value>
                <![CDATA["Validate the Smart Insights icon"]]>
              </value>
            </param>
            <param index="1">
              <value>
                <![CDATA["Verify Homepage UI components"]]>
              </value>
            </param>
          </params>
          <reporter-output>
          </reporter-output>
        </test-method> <!-- runScenario -->
        <test-method signature="runScenario(io.cucumber.testng.PickleWrapper,io.cucumber.testng.FeatureWrapper)[pri:0, instance:testRunner.TestRunner@2eee3069]" started-at="2025-07-03T11:33:31 EDT" name="runScenario" description="Runs Cucumber Scenarios" data-provider="scenarios" finished-at="2025-07-03T11:33:37 EDT" duration-ms="5585" status="PASS">
          <params>
            <param index="0">
              <value>
                <![CDATA["Validate the community text above testimonials"]]>
              </value>
            </param>
            <param index="1">
              <value>
                <![CDATA["Verify Homepage UI components"]]>
              </value>
            </param>
          </params>
          <reporter-output>
          </reporter-output>
        </test-method> <!-- runScenario -->
        <test-method signature="runScenario(io.cucumber.testng.PickleWrapper,io.cucumber.testng.FeatureWrapper)[pri:0, instance:testRunner.TestRunner@2eee3069]" started-at="2025-07-03T11:33:37 EDT" name="runScenario" description="Runs Cucumber Scenarios" data-provider="scenarios" finished-at="2025-07-03T11:33:42 EDT" duration-ms="5432" status="PASS">
          <params>
            <param index="0">
              <value>
                <![CDATA["Validate the testimonial from James D."]]>
              </value>
            </param>
            <param index="1">
              <value>
                <![CDATA["Verify Homepage UI components"]]>
              </value>
            </param>
          </params>
          <reporter-output>
          </reporter-output>
        </test-method> <!-- runScenario -->
        <test-method signature="runScenario(io.cucumber.testng.PickleWrapper,io.cucumber.testng.FeatureWrapper)[pri:0, instance:testRunner.TestRunner@2eee3069]" started-at="2025-07-03T11:33:42 EDT" name="runScenario" description="Runs Cucumber Scenarios" data-provider="scenarios" finished-at="2025-07-03T11:33:48 EDT" duration-ms="5647" status="PASS">
          <params>
            <param index="0">
              <value>
                <![CDATA["Validate the testimonial from Maria L."]]>
              </value>
            </param>
            <param index="1">
              <value>
                <![CDATA["Verify Homepage UI components"]]>
              </value>
            </param>
          </params>
          <reporter-output>
          </reporter-output>
        </test-method> <!-- runScenario -->
        <test-method signature="runScenario(io.cucumber.testng.PickleWrapper,io.cucumber.testng.FeatureWrapper)[pri:0, instance:testRunner.TestRunner@2eee3069]" started-at="2025-07-03T11:33:48 EDT" name="runScenario" description="Runs Cucumber Scenarios" data-provider="scenarios" finished-at="2025-07-03T11:33:54 EDT" duration-ms="6366" status="PASS">
          <params>
            <param index="0">
              <value>
                <![CDATA["Validate the testimonial from Robert T."]]>
              </value>
            </param>
            <param index="1">
              <value>
                <![CDATA["Verify Homepage UI components"]]>
              </value>
            </param>
          </params>
          <reporter-output>
          </reporter-output>
        </test-method> <!-- runScenario -->
        <test-method signature="runScenario(io.cucumber.testng.PickleWrapper,io.cucumber.testng.FeatureWrapper)[pri:0, instance:testRunner.TestRunner@2eee3069]" started-at="2025-07-03T11:33:54 EDT" name="runScenario" description="Runs Cucumber Scenarios" data-provider="scenarios" finished-at="2025-07-03T11:34:00 EDT" duration-ms="5650" status="PASS">
          <params>
            <param index="0">
              <value>
                <![CDATA["Validate the 5 yellow stars above community text"]]>
              </value>
            </param>
            <param index="1">
              <value>
                <![CDATA["Verify Homepage UI components"]]>
              </value>
            </param>
          </params>
          <reporter-output>
          </reporter-output>
        </test-method> <!-- runScenario -->
        <test-method signature="runScenario(io.cucumber.testng.PickleWrapper,io.cucumber.testng.FeatureWrapper)[pri:0, instance:testRunner.TestRunner@2eee3069]" started-at="2025-07-03T11:34:00 EDT" name="runScenario" description="Runs Cucumber Scenarios" data-provider="scenarios" finished-at="2025-07-03T11:34:06 EDT" duration-ms="6098" status="PASS">
          <params>
            <param index="0">
              <value>
                <![CDATA["Validate the rating for James D."]]>
              </value>
            </param>
            <param index="1">
              <value>
                <![CDATA["Verify Homepage UI components"]]>
              </value>
            </param>
          </params>
          <reporter-output>
          </reporter-output>
        </test-method> <!-- runScenario -->
        <test-method signature="runScenario(io.cucumber.testng.PickleWrapper,io.cucumber.testng.FeatureWrapper)[pri:0, instance:testRunner.TestRunner@2eee3069]" started-at="2025-07-03T11:34:06 EDT" name="runScenario" description="Runs Cucumber Scenarios" data-provider="scenarios" finished-at="2025-07-03T11:34:11 EDT" duration-ms="5576" status="PASS">
          <params>
            <param index="0">
              <value>
                <![CDATA["Validate the rating for Maria L."]]>
              </value>
            </param>
            <param index="1">
              <value>
                <![CDATA["Verify Homepage UI components"]]>
              </value>
            </param>
          </params>
          <reporter-output>
          </reporter-output>
        </test-method> <!-- runScenario -->
        <test-method signature="runScenario(io.cucumber.testng.PickleWrapper,io.cucumber.testng.FeatureWrapper)[pri:0, instance:testRunner.TestRunner@2eee3069]" started-at="2025-07-03T11:34:11 EDT" name="runScenario" description="Runs Cucumber Scenarios" data-provider="scenarios" finished-at="2025-07-03T11:34:17 EDT" duration-ms="5592" status="PASS">
          <params>
            <param index="0">
              <value>
                <![CDATA["Validate the rating for Robert T."]]>
              </value>
            </param>
            <param index="1">
              <value>
                <![CDATA["Verify Homepage UI components"]]>
              </value>
            </param>
          </params>
          <reporter-output>
          </reporter-output>
        </test-method> <!-- runScenario -->
        <test-method signature="runScenario(io.cucumber.testng.PickleWrapper,io.cucumber.testng.FeatureWrapper)[pri:0, instance:testRunner.TestRunner@2eee3069]" started-at="2025-07-03T11:34:17 EDT" name="runScenario" description="Runs Cucumber Scenarios" data-provider="scenarios" finished-at="2025-07-03T11:34:24 EDT" duration-ms="6645" status="PASS">
          <params>
            <param index="0">
              <value>
                <![CDATA["Validate the bottom section heading"]]>
              </value>
            </param>
            <param index="1">
              <value>
                <![CDATA["Verify Homepage UI components"]]>
              </value>
            </param>
          </params>
          <reporter-output>
          </reporter-output>
        </test-method> <!-- runScenario -->
        <test-method signature="runScenario(io.cucumber.testng.PickleWrapper,io.cucumber.testng.FeatureWrapper)[pri:0, instance:testRunner.TestRunner@2eee3069]" started-at="2025-07-03T11:34:24 EDT" name="runScenario" description="Runs Cucumber Scenarios" data-provider="scenarios" finished-at="2025-07-03T11:34:31 EDT" duration-ms="7254" status="PASS">
          <params>
            <param index="0">
              <value>
                <![CDATA["Validate the Check Your Risk button is visible"]]>
              </value>
            </param>
            <param index="1">
              <value>
                <![CDATA["Verify Homepage UI components"]]>
              </value>
            </param>
          </params>
          <reporter-output>
          </reporter-output>
        </test-method> <!-- runScenario -->
        <test-method signature="runScenario(io.cucumber.testng.PickleWrapper,io.cucumber.testng.FeatureWrapper)[pri:0, instance:testRunner.TestRunner@2eee3069]" started-at="2025-07-03T11:34:31 EDT" name="runScenario" description="Runs Cucumber Scenarios" data-provider="scenarios" finished-at="2025-07-03T11:34:37 EDT" duration-ms="6199" status="PASS">
          <params>
            <param index="0">
              <value>
                <![CDATA["Verify redirection from Start Today button"]]>
              </value>
            </param>
            <param index="1">
              <value>
                <![CDATA["Verify Homepage navigation components"]]>
              </value>
            </param>
          </params>
          <reporter-output>
          </reporter-output>
        </test-method> <!-- runScenario -->
        <test-method signature="runScenario(io.cucumber.testng.PickleWrapper,io.cucumber.testng.FeatureWrapper)[pri:0, instance:testRunner.TestRunner@2eee3069]" started-at="2025-07-03T11:34:37 EDT" name="runScenario" description="Runs Cucumber Scenarios" data-provider="scenarios" finished-at="2025-07-03T11:34:43 EDT" duration-ms="6438" status="PASS">
          <params>
            <param index="0">
              <value>
                <![CDATA["Validate Login link visibility"]]>
              </value>
            </param>
            <param index="1">
              <value>
                <![CDATA["Verify Homepage navigation components"]]>
              </value>
            </param>
          </params>
          <reporter-output>
          </reporter-output>
        </test-method> <!-- runScenario -->
        <test-method signature="runScenario(io.cucumber.testng.PickleWrapper,io.cucumber.testng.FeatureWrapper)[pri:0, instance:testRunner.TestRunner@2eee3069]" started-at="2025-07-03T11:34:43 EDT" name="runScenario" description="Runs Cucumber Scenarios" data-provider="scenarios" finished-at="2025-07-03T11:34:51 EDT" duration-ms="7262" status="PASS">
          <params>
            <param index="0">
              <value>
                <![CDATA["Validate Login link redirection"]]>
              </value>
            </param>
            <param index="1">
              <value>
                <![CDATA["Verify Homepage navigation components"]]>
              </value>
            </param>
          </params>
          <reporter-output>
          </reporter-output>
        </test-method> <!-- runScenario -->
        <test-method signature="runScenario(io.cucumber.testng.PickleWrapper,io.cucumber.testng.FeatureWrapper)[pri:0, instance:testRunner.TestRunner@2eee3069]" started-at="2025-07-03T11:34:51 EDT" name="runScenario" description="Runs Cucumber Scenarios" data-provider="scenarios" finished-at="2025-07-03T11:34:57 EDT" duration-ms="6225" status="PASS">
          <params>
            <param index="0">
              <value>
                <![CDATA["Verify redirection from Check Your Risk button"]]>
              </value>
            </param>
            <param index="1">
              <value>
                <![CDATA["Verify Homepage navigation components"]]>
              </value>
            </param>
          </params>
          <reporter-output>
          </reporter-output>
        </test-method> <!-- runScenario -->
        <test-method signature="runScenario(io.cucumber.testng.PickleWrapper,io.cucumber.testng.FeatureWrapper)[pri:0, instance:testRunner.TestRunner@2eee3069]" started-at="2025-07-03T11:34:57 EDT" name="runScenario" description="Runs Cucumber Scenarios" data-provider="scenarios" finished-at="2025-07-03T11:35:03 EDT" duration-ms="6262" status="PASS">
          <params>
            <param index="0">
              <value>
                <![CDATA["Homepage loads within acceptable time"]]>
              </value>
            </param>
            <param index="1">
              <value>
                <![CDATA["Non-Functional Testing - Home Page"]]>
              </value>
            </param>
          </params>
          <reporter-output>
          </reporter-output>
        </test-method> <!-- runScenario -->
        <test-method signature="runScenario(io.cucumber.testng.PickleWrapper,io.cucumber.testng.FeatureWrapper)[pri:0, instance:testRunner.TestRunner@2eee3069]" started-at="2025-07-03T11:35:03 EDT" name="runScenario" description="Runs Cucumber Scenarios" data-provider="scenarios" finished-at="2025-07-03T11:35:09 EDT" duration-ms="5828" status="PASS">
          <params>
            <param index="0">
              <value>
                <![CDATA["Validate modal dialog heading"]]>
              </value>
            </param>
            <param index="1">
              <value>
                <![CDATA["Verification on Diabetes Risk Analyzer Modal"]]>
              </value>
            </param>
          </params>
          <reporter-output>
          </reporter-output>
        </test-method> <!-- runScenario -->
        <test-method signature="runScenario(io.cucumber.testng.PickleWrapper,io.cucumber.testng.FeatureWrapper)[pri:0, instance:testRunner.TestRunner@2eee3069]" started-at="2025-07-03T11:35:09 EDT" name="runScenario" description="Runs Cucumber Scenarios" data-provider="scenarios" finished-at="2025-07-03T11:35:16 EDT" duration-ms="6651" status="PASS">
          <params>
            <param index="0">
              <value>
                <![CDATA["Validate modal dialog sub text"]]>
              </value>
            </param>
            <param index="1">
              <value>
                <![CDATA["Verification on Diabetes Risk Analyzer Modal"]]>
              </value>
            </param>
          </params>
          <reporter-output>
          </reporter-output>
        </test-method> <!-- runScenario -->
        <test-method signature="runScenario(io.cucumber.testng.PickleWrapper,io.cucumber.testng.FeatureWrapper)[pri:0, instance:testRunner.TestRunner@2eee3069]" started-at="2025-07-03T11:35:16 EDT" name="runScenario" description="Runs Cucumber Scenarios" data-provider="scenarios" finished-at="2025-07-03T11:35:22 EDT" duration-ms="6183" status="PASS">
          <params>
            <param index="0">
              <value>
                <![CDATA["Verify the presence of Cancel button"]]>
              </value>
            </param>
            <param index="1">
              <value>
                <![CDATA["Verification on Diabetes Risk Analyzer Modal"]]>
              </value>
            </param>
          </params>
          <reporter-output>
          </reporter-output>
        </test-method> <!-- runScenario -->
        <test-method signature="runScenario(io.cucumber.testng.PickleWrapper,io.cucumber.testng.FeatureWrapper)[pri:0, instance:testRunner.TestRunner@2eee3069]" started-at="2025-07-03T11:35:22 EDT" name="runScenario" description="Runs Cucumber Scenarios" data-provider="scenarios" finished-at="2025-07-03T11:35:28 EDT" duration-ms="6329" status="PASS">
          <params>
            <param index="0">
              <value>
                <![CDATA["Verify the presence of Calculate Risk button"]]>
              </value>
            </param>
            <param index="1">
              <value>
                <![CDATA["Verification on Diabetes Risk Analyzer Modal"]]>
              </value>
            </param>
          </params>
          <reporter-output>
          </reporter-output>
        </test-method> <!-- runScenario -->
        <test-method signature="runScenario(io.cucumber.testng.PickleWrapper,io.cucumber.testng.FeatureWrapper)[pri:0, instance:testRunner.TestRunner@2eee3069]" started-at="2025-07-03T11:35:28 EDT" name="runScenario" description="Runs Cucumber Scenarios" data-provider="scenarios" finished-at="2025-07-03T11:35:34 EDT" duration-ms="5586" status="PASS">
          <params>
            <param index="0">
              <value>
                <![CDATA["Validate "Calculate Risk" is disabled"]]>
              </value>
            </param>
            <param index="1">
              <value>
                <![CDATA["Verification on Diabetes Risk Analyzer Modal"]]>
              </value>
            </param>
          </params>
          <reporter-output>
          </reporter-output>
        </test-method> <!-- runScenario -->
        <test-method signature="runScenario(io.cucumber.testng.PickleWrapper,io.cucumber.testng.FeatureWrapper)[pri:0, instance:testRunner.TestRunner@2eee3069]" started-at="2025-07-03T11:35:34 EDT" name="runScenario" description="Runs Cucumber Scenarios" data-provider="scenarios" finished-at="2025-07-03T11:35:41 EDT" duration-ms="7079" status="PASS">
          <params>
            <param index="0">
              <value>
                <![CDATA["Verify age field with Stepper controls"]]>
              </value>
            </param>
            <param index="1">
              <value>
                <![CDATA["Verification on Diabetes Risk Analyzer Modal"]]>
              </value>
            </param>
          </params>
          <reporter-output>
          </reporter-output>
        </test-method> <!-- runScenario -->
        <test-method signature="runScenario(io.cucumber.testng.PickleWrapper,io.cucumber.testng.FeatureWrapper)[pri:0, instance:testRunner.TestRunner@2eee3069]" started-at="2025-07-03T11:35:41 EDT" name="runScenario" description="Runs Cucumber Scenarios" data-provider="scenarios" finished-at="2025-07-03T11:35:47 EDT" duration-ms="6236" status="PASS">
          <params>
            <param index="0">
              <value>
                <![CDATA["Verify weight field with Stepper controls"]]>
              </value>
            </param>
            <param index="1">
              <value>
                <![CDATA["Verification on Diabetes Risk Analyzer Modal"]]>
              </value>
            </param>
          </params>
          <reporter-output>
          </reporter-output>
        </test-method> <!-- runScenario -->
        <test-method signature="runScenario(io.cucumber.testng.PickleWrapper,io.cucumber.testng.FeatureWrapper)[pri:0, instance:testRunner.TestRunner@2eee3069]" started-at="2025-07-03T11:35:47 EDT" name="runScenario" description="Runs Cucumber Scenarios" data-provider="scenarios" finished-at="2025-07-03T11:35:53 EDT" duration-ms="5665" status="PASS">
          <params>
            <param index="0">
              <value>
                <![CDATA["Verify the presence of checkbox for family history"]]>
              </value>
            </param>
            <param index="1">
              <value>
                <![CDATA["Verification on Diabetes Risk Analyzer Modal"]]>
              </value>
            </param>
          </params>
          <reporter-output>
          </reporter-output>
        </test-method> <!-- runScenario -->
        <test-method signature="runScenario(io.cucumber.testng.PickleWrapper,io.cucumber.testng.FeatureWrapper)[pri:0, instance:testRunner.TestRunner@2eee3069]" started-at="2025-07-03T11:35:53 EDT" name="runScenario" description="Runs Cucumber Scenarios" data-provider="scenarios" finished-at="2025-07-03T11:36:00 EDT" duration-ms="7099" status="FAIL">
          <params>
            <param index="0">
              <value>
                <![CDATA["Verify the placeholder text for Age field"]]>
              </value>
            </param>
            <param index="1">
              <value>
                <![CDATA["Verification on Diabetes Risk Analyzer Modal"]]>
              </value>
            </param>
          </params>
          <exception class="java.lang.AssertionError">
            <message>
              <![CDATA[expected [Enter your age (1-150)] but found [Enter your age (1�150)]]]>
            </message>
            <full-stacktrace>
              <![CDATA[java.lang.AssertionError: expected [Enter your age (1-150)] but found [Enter your age (1�150)]
at org.testng.Assert.fail(Assert.java:111)
at org.testng.Assert.failNotEquals(Assert.java:1590)
at org.testng.Assert.assertEqualsImpl(Assert.java:150)
at org.testng.Assert.assertEquals(Assert.java:132)
at org.testng.Assert.assertEquals(Assert.java:656)
at org.testng.Assert.assertEquals(Assert.java:666)
at stepDefinition.DiabetesRiskAnalyzer_SD.user_should_be_able_to_view_the_placeholder_in_the_age_field(DiabetesRiskAnalyzer_SD.java:93)
at ✽.User should be able to view the placeholder "Enter your age (1�150)" in the age field(file:///C:/Users/araja/eclipse-workspace/Team4_WellnessWarriors_Seleniumhackathon_June25/src/test/resources/features/04_Diabetesriskanalyzer.feature:55)
]]>
            </full-stacktrace>
          </exception> <!-- java.lang.AssertionError -->
          <reporter-output>
          </reporter-output>
        </test-method> <!-- runScenario -->
        <test-method signature="runScenario(io.cucumber.testng.PickleWrapper,io.cucumber.testng.FeatureWrapper)[pri:0, instance:testRunner.TestRunner@2eee3069]" started-at="2025-07-03T11:36:00 EDT" name="runScenario" description="Runs Cucumber Scenarios" data-provider="scenarios" finished-at="2025-07-03T11:36:07 EDT" duration-ms="6803" status="FAIL">
          <params>
            <param index="0">
              <value>
                <![CDATA["Verify the placeholder text for Weight field"]]>
              </value>
            </param>
            <param index="1">
              <value>
                <![CDATA["Verification on Diabetes Risk Analyzer Modal"]]>
              </value>
            </param>
          </params>
          <exception class="java.lang.AssertionError">
            <message>
              <![CDATA[expected [Enter your weight in kg (1-500)] but found [Enter your weight in kg (1-999)]]]>
            </message>
            <full-stacktrace>
              <![CDATA[java.lang.AssertionError: expected [Enter your weight in kg (1-500)] but found [Enter your weight in kg (1-999)]
at org.testng.Assert.fail(Assert.java:111)
at org.testng.Assert.failNotEquals(Assert.java:1590)
at org.testng.Assert.assertEqualsImpl(Assert.java:150)
at org.testng.Assert.assertEquals(Assert.java:132)
at org.testng.Assert.assertEquals(Assert.java:656)
at org.testng.Assert.assertEquals(Assert.java:666)
at stepDefinition.DiabetesRiskAnalyzer_SD.user_should_see_in_the_weight_field(DiabetesRiskAnalyzer_SD.java:100)
at ✽.User should see "Enter your weight in kg (1-999)" in the weight field(file:///C:/Users/araja/eclipse-workspace/Team4_WellnessWarriors_Seleniumhackathon_June25/src/test/resources/features/04_Diabetesriskanalyzer.feature:61)
]]>
            </full-stacktrace>
          </exception> <!-- java.lang.AssertionError -->
          <reporter-output>
          </reporter-output>
        </test-method> <!-- runScenario -->
        <test-method signature="runScenario(io.cucumber.testng.PickleWrapper,io.cucumber.testng.FeatureWrapper)[pri:0, instance:testRunner.TestRunner@2eee3069]" started-at="2025-07-03T11:36:07 EDT" name="runScenario" description="Runs Cucumber Scenarios" data-provider="scenarios" finished-at="2025-07-03T11:36:16 EDT" duration-ms="8961" status="PASS">
          <params>
            <param index="0">
              <value>
                <![CDATA["Verify the dropdown for Physical Activity Level"]]>
              </value>
            </param>
            <param index="1">
              <value>
                <![CDATA["Verification on Diabetes Risk Analyzer Modal"]]>
              </value>
            </param>
          </params>
          <reporter-output>
          </reporter-output>
        </test-method> <!-- runScenario -->
        <test-method signature="runScenario(io.cucumber.testng.PickleWrapper,io.cucumber.testng.FeatureWrapper)[pri:0, instance:testRunner.TestRunner@2eee3069]" started-at="2025-07-03T11:36:16 EDT" name="runScenario" description="Runs Cucumber Scenarios" data-provider="scenarios" finished-at="2025-07-03T11:36:22 EDT" duration-ms="6834" status="PASS">
          <params>
            <param index="0">
              <value>
                <![CDATA["Verify the dropdown for Blood Pressure"]]>
              </value>
            </param>
            <param index="1">
              <value>
                <![CDATA["Verification on Diabetes Risk Analyzer Modal"]]>
              </value>
            </param>
          </params>
          <reporter-output>
          </reporter-output>
        </test-method> <!-- runScenario -->
        <test-method signature="runScenario(io.cucumber.testng.PickleWrapper,io.cucumber.testng.FeatureWrapper)[pri:0, instance:testRunner.TestRunner@2eee3069]" started-at="2025-07-03T11:36:22 EDT" name="runScenario" description="Runs Cucumber Scenarios" data-provider="scenarios" finished-at="2025-07-03T11:36:28 EDT" duration-ms="5969" status="PASS">
          <params>
            <param index="0">
              <value>
                <![CDATA["Verify the dropdown for Diet Quality"]]>
              </value>
            </param>
            <param index="1">
              <value>
                <![CDATA["Verification on Diabetes Risk Analyzer Modal"]]>
              </value>
            </param>
          </params>
          <reporter-output>
          </reporter-output>
        </test-method> <!-- runScenario -->
        <test-method signature="runScenario(io.cucumber.testng.PickleWrapper,io.cucumber.testng.FeatureWrapper)[pri:0, instance:testRunner.TestRunner@2eee3069]" started-at="2025-07-03T11:36:28 EDT" name="runScenario" description="Runs Cucumber Scenarios" data-provider="scenarios" finished-at="2025-07-03T11:36:35 EDT" duration-ms="6428" status="PASS">
          <params>
            <param index="0">
              <value>
                <![CDATA["Verify initial value for Physical Activity Level dropdown"]]>
              </value>
            </param>
            <param index="1">
              <value>
                <![CDATA["Verification on Diabetes Risk Analyzer Modal"]]>
              </value>
            </param>
          </params>
          <reporter-output>
          </reporter-output>
        </test-method> <!-- runScenario -->
        <test-method signature="runScenario(io.cucumber.testng.PickleWrapper,io.cucumber.testng.FeatureWrapper)[pri:0, instance:testRunner.TestRunner@2eee3069]" started-at="2025-07-03T11:36:35 EDT" name="runScenario" description="Runs Cucumber Scenarios" data-provider="scenarios" finished-at="2025-07-03T11:36:41 EDT" duration-ms="6298" status="PASS">
          <params>
            <param index="0">
              <value>
                <![CDATA["Verify initial value for Blood Pressure dropdown"]]>
              </value>
            </param>
            <param index="1">
              <value>
                <![CDATA["Verification on Diabetes Risk Analyzer Modal"]]>
              </value>
            </param>
          </params>
          <reporter-output>
          </reporter-output>
        </test-method> <!-- runScenario -->
        <test-method signature="runScenario(io.cucumber.testng.PickleWrapper,io.cucumber.testng.FeatureWrapper)[pri:0, instance:testRunner.TestRunner@2eee3069]" started-at="2025-07-03T11:36:41 EDT" name="runScenario" description="Runs Cucumber Scenarios" data-provider="scenarios" finished-at="2025-07-03T11:36:48 EDT" duration-ms="6362" status="PASS">
          <params>
            <param index="0">
              <value>
                <![CDATA["Verify initial value for Diet Quality dropdown"]]>
              </value>
            </param>
            <param index="1">
              <value>
                <![CDATA["Verification on Diabetes Risk Analyzer Modal"]]>
              </value>
            </param>
          </params>
          <reporter-output>
          </reporter-output>
        </test-method> <!-- runScenario -->
        <test-method signature="runScenario(io.cucumber.testng.PickleWrapper,io.cucumber.testng.FeatureWrapper)[pri:0, instance:testRunner.TestRunner@2eee3069]" started-at="2025-07-03T11:36:48 EDT" name="runScenario" description="Runs Cucumber Scenarios" data-provider="scenarios" finished-at="2025-07-03T11:36:54 EDT" duration-ms="5991" status="PASS">
          <params>
            <param index="0">
              <value>
                <![CDATA["Verify values in Physical Activity Level dropdown"]]>
              </value>
            </param>
            <param index="1">
              <value>
                <![CDATA["Verification on Diabetes Risk Analyzer Modal"]]>
              </value>
            </param>
          </params>
          <reporter-output>
          </reporter-output>
        </test-method> <!-- runScenario -->
        <test-method signature="runScenario(io.cucumber.testng.PickleWrapper,io.cucumber.testng.FeatureWrapper)[pri:0, instance:testRunner.TestRunner@2eee3069]" started-at="2025-07-03T11:36:54 EDT" name="runScenario" description="Runs Cucumber Scenarios" data-provider="scenarios" finished-at="2025-07-03T11:37:00 EDT" duration-ms="6438" status="PASS">
          <params>
            <param index="0">
              <value>
                <![CDATA["Verify values in Blood Pressure dropdown"]]>
              </value>
            </param>
            <param index="1">
              <value>
                <![CDATA["Verification on Diabetes Risk Analyzer Modal"]]>
              </value>
            </param>
          </params>
          <reporter-output>
          </reporter-output>
        </test-method> <!-- runScenario -->
        <test-method signature="runScenario(io.cucumber.testng.PickleWrapper,io.cucumber.testng.FeatureWrapper)[pri:0, instance:testRunner.TestRunner@2eee3069]" started-at="2025-07-03T11:37:00 EDT" name="runScenario" description="Runs Cucumber Scenarios" data-provider="scenarios" finished-at="2025-07-03T11:37:06 EDT" duration-ms="6460" status="PASS">
          <params>
            <param index="0">
              <value>
                <![CDATA["Verify values in Diet Quality dropdown"]]>
              </value>
            </param>
            <param index="1">
              <value>
                <![CDATA["Verification on Diabetes Risk Analyzer Modal"]]>
              </value>
            </param>
          </params>
          <reporter-output>
          </reporter-output>
        </test-method> <!-- runScenario -->
        <test-method signature="runScenario(io.cucumber.testng.PickleWrapper,io.cucumber.testng.FeatureWrapper)[pri:0, instance:testRunner.TestRunner@2eee3069]" started-at="2025-07-03T11:37:06 EDT" name="runScenario" description="Runs Cucumber Scenarios" data-provider="scenarios" finished-at="2025-07-03T11:37:12 EDT" duration-ms="6039" status="PASS">
          <params>
            <param index="0">
              <value>
                <![CDATA["Validate "Cancel" button navigates to the home page"]]>
              </value>
            </param>
            <param index="1">
              <value>
                <![CDATA["Verification on Diabetes Risk Analyzer Modal"]]>
              </value>
            </param>
          </params>
          <reporter-output>
          </reporter-output>
        </test-method> <!-- runScenario -->
        <test-method signature="runScenario(io.cucumber.testng.PickleWrapper,io.cucumber.testng.FeatureWrapper)[pri:0, instance:testRunner.TestRunner@2eee3069]" started-at="2025-07-03T11:37:12 EDT" name="runScenario" description="Runs Cucumber Scenarios" data-provider="scenarios" finished-at="2025-07-03T11:37:29 EDT" duration-ms="16433" status="PASS">
          <params>
            <param index="0">
              <value>
                <![CDATA["Validate "Calculate Risk" button is enabled when all fields are filled"]]>
              </value>
            </param>
            <param index="1">
              <value>
                <![CDATA["Verification on Diabetes Risk Analyzer Modal"]]>
              </value>
            </param>
          </params>
          <reporter-output>
          </reporter-output>
        </test-method> <!-- runScenario -->
        <test-method signature="runScenario(io.cucumber.testng.PickleWrapper,io.cucumber.testng.FeatureWrapper)[pri:0, instance:testRunner.TestRunner@2eee3069]" started-at="2025-07-03T11:37:29 EDT" name="runScenario" description="Runs Cucumber Scenarios" data-provider="scenarios" finished-at="2025-07-03T11:37:46 EDT" duration-ms="16630" status="PASS">
          <params>
            <param index="0">
              <value>
                <![CDATA["Verify valid values submission shows risk assessment dialog"]]>
              </value>
            </param>
            <param index="1">
              <value>
                <![CDATA["Verification on Diabetes Risk Analyzer Modal"]]>
              </value>
            </param>
          </params>
          <reporter-output>
          </reporter-output>
        </test-method> <!-- runScenario -->
        <test-method is-config="true" signature="tearDownClass()[pri:0, instance:testRunner.TestRunner@2eee3069]" started-at="2025-07-03T11:37:46 EDT" name="tearDownClass" finished-at="2025-07-03T11:37:46 EDT" duration-ms="630" status="PASS">
          <reporter-output>
          </reporter-output>
        </test-method> <!-- tearDownClass -->
      </class> <!-- testRunner.TestRunner -->
    </test> <!-- Default test -->
  </suite> <!-- Default suite -->
</testng-results>
